This file contains any messages produced by compilers while
running configure, to aid debugging if configure makes a mistake.

It was created by leptonica configure 1.74.1, which was
generated by GNU Autoconf 2.69.  Invocation command line was

  $ ./configure 

## --------- ##
## Platform. ##
## --------- ##

hostname = slash
uname -m = x86_64
uname -r = 4.4.0-70-generic
uname -s = Linux
uname -v = #91~14.04.1-Ubuntu SMP Wed Mar 22 15:48:21 UTC 2017

/usr/bin/uname -p = unknown
/bin/uname -X     = unknown

/bin/arch              = unknown
/usr/bin/arch -k       = unknown
/usr/convex/getsysinfo = unknown
/usr/bin/hostinfo      = unknown
/bin/machine           = unknown
/usr/bin/oslevel       = unknown
/bin/universe          = unknown

PATH: /usr/local/sbin
PATH: /usr/local/bin
PATH: /usr/sbin
PATH: /usr/bin
PATH: /sbin
PATH: /bin
PATH: /usr/games
PATH: /usr/local/games
PATH: /usr/lib/jvm/java-8-oracle/bin
PATH: /usr/lib/jvm/java-8-oracle/db/bin
PATH: /usr/lib/jvm/java-8-oracle/jre/bin
PATH: /home/slash/Android/Sdk/tools
PATH: /home/slash/Android/Sdk/platform-tools
PATH: /home/slash/Android/Sdk/tools
PATH: /home/slash/Android/Sdk/tools


## ----------- ##
## Core tests. ##
## ----------- ##

configure:2350: checking build system type
configure:2364: result: x86_64-unknown-linux-gnu
configure:2384: checking host system type
configure:2397: result: x86_64-unknown-linux-gnu
configure:2438: checking how to print strings
configure:2465: result: printf
configure:2537: checking for gcc
configure:2553: found /usr/bin/gcc
configure:2564: result: gcc
configure:2793: checking for C compiler version
configure:2802: gcc --version >&5
gcc (Ubuntu 4.8.5-2ubuntu1~14.04.1) 4.8.5
Copyright (C) 2015 Free Software Foundation, Inc.
This is free software; see the source for copying conditions.  There is NO
warranty; not even for MERCHANTABILITY or FITNESS FOR A PARTICULAR PURPOSE.

configure:2813: $? = 0
configure:2802: gcc -v >&5
Using built-in specs.
COLLECT_GCC=gcc
COLLECT_LTO_WRAPPER=/usr/lib/gcc/x86_64-linux-gnu/4.8/lto-wrapper
Target: x86_64-linux-gnu
Configured with: ../src/configure -v --with-pkgversion='Ubuntu 4.8.5-2ubuntu1~14.04.1' --with-bugurl=file:///usr/share/doc/gcc-4.8/README.Bugs --enable-languages=c,c++,java,go,d,fortran,objc,obj-c++ --prefix=/usr --program-suffix=-4.8 --enable-shared --enable-linker-build-id --libexecdir=/usr/lib --without-included-gettext --enable-threads=posix --with-gxx-include-dir=/usr/include/c++/4.8 --libdir=/usr/lib --enable-nls --with-sysroot=/ --enable-clocale=gnu --enable-libstdcxx-debug --enable-libstdcxx-time=yes --enable-gnu-unique-object --disable-libmudflap --enable-plugin --with-system-zlib --disable-browser-plugin --enable-java-awt=gtk --enable-gtk-cairo --with-java-home=/usr/lib/jvm/java-1.5.0-gcj-4.8-amd64/jre --enable-java-home --with-jvm-root-dir=/usr/lib/jvm/java-1.5.0-gcj-4.8-amd64 --with-jvm-jar-dir=/usr/lib/jvm-exports/java-1.5.0-gcj-4.8-amd64 --with-arch-directory=amd64 --with-ecj-jar=/usr/share/java/eclipse-ecj.jar --enable-objc-gc --enable-multiarch --disable-werror --with-arch-32=i686 --with-abi=m64 --with-multilib-list=m32,m64,mx32 --with-tune=generic --enable-checking=release --build=x86_64-linux-gnu --host=x86_64-linux-gnu --target=x86_64-linux-gnu
Thread model: posix
gcc version 4.8.5 (Ubuntu 4.8.5-2ubuntu1~14.04.1) 
configure:2813: $? = 0
configure:2802: gcc -V >&5
gcc: error: unrecognized command line option '-V'
gcc: fatal error: no input files
compilation terminated.
configure:2813: $? = 4
configure:2802: gcc -qversion >&5
gcc: error: unrecognized command line option '-qversion'
gcc: fatal error: no input files
compilation terminated.
configure:2813: $? = 4
configure:2833: checking whether the C compiler works
configure:2855: gcc    conftest.c  >&5
configure:2859: $? = 0
configure:2907: result: yes
configure:2910: checking for C compiler default output file name
configure:2912: result: a.out
configure:2918: checking for suffix of executables
configure:2925: gcc -o conftest    conftest.c  >&5
configure:2929: $? = 0
configure:2951: result: 
configure:2973: checking whether we are cross compiling
configure:2981: gcc -o conftest    conftest.c  >&5
configure:2985: $? = 0
configure:2992: ./conftest
configure:2996: $? = 0
configure:3011: result: no
configure:3016: checking for suffix of object files
configure:3038: gcc -c   conftest.c >&5
configure:3042: $? = 0
configure:3063: result: o
configure:3067: checking whether we are using the GNU C compiler
configure:3086: gcc -c   conftest.c >&5
configure:3086: $? = 0
configure:3095: result: yes
configure:3104: checking whether gcc accepts -g
configure:3124: gcc -c -g  conftest.c >&5
configure:3124: $? = 0
configure:3165: result: yes
configure:3182: checking for gcc option to accept ISO C89
configure:3245: gcc  -c -g -O2  conftest.c >&5
configure:3245: $? = 0
configure:3258: result: none needed
configure:3283: checking whether gcc understands -c and -o together
configure:3305: gcc -c conftest.c -o conftest2.o
configure:3308: $? = 0
configure:3305: gcc -c conftest.c -o conftest2.o
configure:3308: $? = 0
configure:3320: result: yes
configure:3337: checking for a sed that does not truncate output
configure:3401: result: /bin/sed
configure:3419: checking for grep that handles long lines and -e
configure:3477: result: /bin/grep
configure:3482: checking for egrep
configure:3544: result: /bin/grep -E
configure:3549: checking for fgrep
configure:3611: result: /bin/grep -F
configure:3646: checking for ld used by gcc
configure:3713: result: /usr/bin/ld
configure:3720: checking if the linker (/usr/bin/ld) is GNU ld
configure:3735: result: yes
configure:3747: checking for BSD- or MS-compatible name lister (nm)
configure:3796: result: /usr/bin/nm -B
configure:3926: checking the name lister (/usr/bin/nm -B) interface
configure:3933: gcc -c -g -O2  conftest.c >&5
configure:3936: /usr/bin/nm -B "conftest.o"
configure:3939: output
0000000000000000 B some_variable
configure:3946: result: BSD nm
configure:3949: checking whether ln -s works
configure:3953: result: yes
configure:3961: checking the maximum length of command line arguments
configure:4092: result: 1572864
configure:4109: checking whether the shell understands some XSI constructs
configure:4119: result: yes
configure:4123: checking whether the shell understands "+="
configure:4129: result: yes
configure:4164: checking how to convert x86_64-unknown-linux-gnu file names to x86_64-unknown-linux-gnu format
configure:4204: result: func_convert_file_noop
configure:4211: checking how to convert x86_64-unknown-linux-gnu file names to toolchain format
configure:4231: result: func_convert_file_noop
configure:4238: checking for /usr/bin/ld option to reload object files
configure:4245: result: -r
configure:4319: checking for objdump
configure:4335: found /usr/bin/objdump
configure:4346: result: objdump
configure:4378: checking how to recognize dependent libraries
configure:4576: result: pass_all
configure:4661: checking for dlltool
configure:4691: result: no
configure:4721: checking how to associate runtime and link libraries
configure:4748: result: printf %s\n
configure:4809: checking for ar
configure:4825: found /usr/bin/ar
configure:4836: result: ar
configure:4873: checking for archiver @FILE support
configure:4890: gcc -c -g -O2  conftest.c >&5
configure:4890: $? = 0
configure:4893: ar cru libconftest.a @conftest.lst >&5
configure:4896: $? = 0
configure:4901: ar cru libconftest.a @conftest.lst >&5
ar: conftest.o: No such file or directory
configure:4904: $? = 1
configure:4916: result: @
configure:4974: checking for strip
configure:4990: found /usr/bin/strip
configure:5001: result: strip
configure:5073: checking for ranlib
configure:5089: found /usr/bin/ranlib
configure:5100: result: ranlib
configure:5177: checking for gawk
configure:5207: result: no
configure:5177: checking for mawk
configure:5193: found /usr/bin/mawk
configure:5204: result: mawk
configure:5244: checking command to parse /usr/bin/nm -B output from gcc object
configure:5364: gcc -c -g -O2  conftest.c >&5
configure:5367: $? = 0
configure:5371: /usr/bin/nm -B conftest.o \| sed -n -e 's/^.*[ ]\([ABCDGIRSTW][ABCDGIRSTW]*\)[ ][ ]*\([_A-Za-z][_A-Za-z0-9]*\)$/\1 \2 \2/p' | sed '/ __gnu_lto/d' \> conftest.nm
configure:5374: $? = 0
configure:5440: gcc -o conftest -g -O2   conftest.c conftstm.o >&5
configure:5443: $? = 0
configure:5481: result: ok
configure:5518: checking for sysroot
configure:5548: result: no
configure:5625: gcc -c -g -O2  conftest.c >&5
configure:5628: $? = 0
configure:5817: checking for mt
configure:5833: found /bin/mt
configure:5844: result: mt
configure:5867: checking if mt is a manifest tool
configure:5873: mt '-?'
configure:5881: result: no
configure:6523: checking how to run the C preprocessor
configure:6554: gcc -E  conftest.c
configure:6554: $? = 0
configure:6568: gcc -E  conftest.c
conftest.c:9:28: fatal error: ac_nonexistent.h: No such file or directory
 #include <ac_nonexistent.h>
                            ^
compilation terminated.
configure:6568: $? = 1
configure: failed program was:
| /* confdefs.h */
| #define PACKAGE_NAME "leptonica"
| #define PACKAGE_TARNAME "leptonica"
| #define PACKAGE_VERSION "1.74.1"
| #define PACKAGE_STRING "leptonica 1.74.1"
| #define PACKAGE_BUGREPORT ""
| #define PACKAGE_URL ""
| /* end confdefs.h.  */
| #include <ac_nonexistent.h>
configure:6593: result: gcc -E
configure:6613: gcc -E  conftest.c
configure:6613: $? = 0
configure:6627: gcc -E  conftest.c
conftest.c:9:28: fatal error: ac_nonexistent.h: No such file or directory
 #include <ac_nonexistent.h>
                            ^
compilation terminated.
configure:6627: $? = 1
configure: failed program was:
| /* confdefs.h */
| #define PACKAGE_NAME "leptonica"
| #define PACKAGE_TARNAME "leptonica"
| #define PACKAGE_VERSION "1.74.1"
| #define PACKAGE_STRING "leptonica 1.74.1"
| #define PACKAGE_BUGREPORT ""
| #define PACKAGE_URL ""
| /* end confdefs.h.  */
| #include <ac_nonexistent.h>
configure:6656: checking for ANSI C header files
configure:6676: gcc -c -g -O2  conftest.c >&5
configure:6676: $? = 0
configure:6749: gcc -o conftest -g -O2   conftest.c  >&5
configure:6749: $? = 0
configure:6749: ./conftest
configure:6749: $? = 0
configure:6760: result: yes
configure:6773: checking for sys/types.h
configure:6773: gcc -c -g -O2  conftest.c >&5
configure:6773: $? = 0
configure:6773: result: yes
configure:6773: checking for sys/stat.h
configure:6773: gcc -c -g -O2  conftest.c >&5
configure:6773: $? = 0
configure:6773: result: yes
configure:6773: checking for stdlib.h
configure:6773: gcc -c -g -O2  conftest.c >&5
configure:6773: $? = 0
configure:6773: result: yes
configure:6773: checking for string.h
configure:6773: gcc -c -g -O2  conftest.c >&5
configure:6773: $? = 0
configure:6773: result: yes
configure:6773: checking for memory.h
configure:6773: gcc -c -g -O2  conftest.c >&5
configure:6773: $? = 0
configure:6773: result: yes
configure:6773: checking for strings.h
configure:6773: gcc -c -g -O2  conftest.c >&5
configure:6773: $? = 0
configure:6773: result: yes
configure:6773: checking for inttypes.h
configure:6773: gcc -c -g -O2  conftest.c >&5
configure:6773: $? = 0
configure:6773: result: yes
configure:6773: checking for stdint.h
configure:6773: gcc -c -g -O2  conftest.c >&5
configure:6773: $? = 0
configure:6773: result: yes
configure:6773: checking for unistd.h
configure:6773: gcc -c -g -O2  conftest.c >&5
configure:6773: $? = 0
configure:6773: result: yes
configure:6787: checking for dlfcn.h
configure:6787: gcc -c -g -O2  conftest.c >&5
configure:6787: $? = 0
configure:6787: result: yes
configure:6993: checking for objdir
configure:7008: result: .libs
configure:7279: checking if gcc supports -fno-rtti -fno-exceptions
configure:7297: gcc -c -g -O2  -fno-rtti -fno-exceptions conftest.c >&5
cc1: warning: command line option '-fno-rtti' is valid for C++/ObjC++ but not for C [enabled by default]
configure:7301: $? = 0
configure:7314: result: no
configure:7641: checking for gcc option to produce PIC
configure:7648: result: -fPIC -DPIC
configure:7656: checking if gcc PIC flag -fPIC -DPIC works
configure:7674: gcc -c -g -O2  -fPIC -DPIC -DPIC conftest.c >&5
configure:7678: $? = 0
configure:7691: result: yes
configure:7720: checking if gcc static flag -static works
configure:7748: result: yes
configure:7763: checking if gcc supports -c -o file.o
configure:7784: gcc -c -g -O2  -o out/conftest2.o conftest.c >&5
configure:7788: $? = 0
configure:7810: result: yes
configure:7818: checking if gcc supports -c -o file.o
configure:7865: result: yes
configure:7898: checking whether the gcc linker (/usr/bin/ld -m elf_x86_64) supports shared libraries
configure:9055: result: yes
configure:9092: checking whether -lc should be explicitly linked in
configure:9100: gcc -c -g -O2  conftest.c >&5
configure:9103: $? = 0
configure:9118: gcc -shared  -fPIC -DPIC conftest.o  -v -Wl,-soname -Wl,conftest -o conftest 2\>\&1 \| /bin/grep  -lc  \>/dev/null 2\>\&1
configure:9121: $? = 0
configure:9135: result: no
configure:9295: checking dynamic linker characteristics
configure:9795: gcc -o conftest -g -O2   -Wl,-rpath -Wl,/foo conftest.c  >&5
configure:9795: $? = 0
configure:10029: result: GNU/Linux ld.so
configure:10136: checking how to hardcode library paths into programs
configure:10161: result: immediate
configure:10701: checking whether stripping libraries is possible
configure:10706: result: yes
configure:10741: checking if libtool supports shared libraries
configure:10743: result: yes
configure:10746: checking whether to build shared libraries
configure:10767: result: yes
configure:10770: checking whether to build static libraries
configure:10774: result: yes
configure:10828: checking for a BSD-compatible install
configure:10896: result: /usr/bin/install -c
configure:10907: checking whether build environment is sane
configure:10962: result: yes
configure:11110: checking for a thread-safe mkdir -p
configure:11149: result: /bin/mkdir -p
configure:11152: checking whether make sets $(MAKE)
configure:11174: result: yes
configure:11204: checking for style of include used by make
configure:11232: result: GNU
configure:11266: checking whether make supports nested variables
configure:11283: result: yes
configure:11368: checking dependency style of gcc
configure:11479: result: gcc3
configure:11549: checking for gawk
configure:11576: result: mawk
configure:11635: checking for gcc
configure:11662: result: gcc
configure:11891: checking for C compiler version
configure:11900: gcc --version >&5
gcc (Ubuntu 4.8.5-2ubuntu1~14.04.1) 4.8.5
Copyright (C) 2015 Free Software Foundation, Inc.
This is free software; see the source for copying conditions.  There is NO
warranty; not even for MERCHANTABILITY or FITNESS FOR A PARTICULAR PURPOSE.

configure:11911: $? = 0
configure:11900: gcc -v >&5
Using built-in specs.
COLLECT_GCC=gcc
COLLECT_LTO_WRAPPER=/usr/lib/gcc/x86_64-linux-gnu/4.8/lto-wrapper
Target: x86_64-linux-gnu
Configured with: ../src/configure -v --with-pkgversion='Ubuntu 4.8.5-2ubuntu1~14.04.1' --with-bugurl=file:///usr/share/doc/gcc-4.8/README.Bugs --enable-languages=c,c++,java,go,d,fortran,objc,obj-c++ --prefix=/usr --program-suffix=-4.8 --enable-shared --enable-linker-build-id --libexecdir=/usr/lib --without-included-gettext --enable-threads=posix --with-gxx-include-dir=/usr/include/c++/4.8 --libdir=/usr/lib --enable-nls --with-sysroot=/ --enable-clocale=gnu --enable-libstdcxx-debug --enable-libstdcxx-time=yes --enable-gnu-unique-object --disable-libmudflap --enable-plugin --with-system-zlib --disable-browser-plugin --enable-java-awt=gtk --enable-gtk-cairo --with-java-home=/usr/lib/jvm/java-1.5.0-gcj-4.8-amd64/jre --enable-java-home --with-jvm-root-dir=/usr/lib/jvm/java-1.5.0-gcj-4.8-amd64 --with-jvm-jar-dir=/usr/lib/jvm-exports/java-1.5.0-gcj-4.8-amd64 --with-arch-directory=amd64 --with-ecj-jar=/usr/share/java/eclipse-ecj.jar --enable-objc-gc --enable-multiarch --disable-werror --with-arch-32=i686 --with-abi=m64 --with-multilib-list=m32,m64,mx32 --with-tune=generic --enable-checking=release --build=x86_64-linux-gnu --host=x86_64-linux-gnu --target=x86_64-linux-gnu
Thread model: posix
gcc version 4.8.5 (Ubuntu 4.8.5-2ubuntu1~14.04.1) 
configure:11911: $? = 0
configure:11900: gcc -V >&5
gcc: error: unrecognized command line option '-V'
gcc: fatal error: no input files
compilation terminated.
configure:11911: $? = 4
configure:11900: gcc -qversion >&5
gcc: error: unrecognized command line option '-qversion'
gcc: fatal error: no input files
compilation terminated.
configure:11911: $? = 4
configure:11915: checking whether we are using the GNU C compiler
configure:11943: result: yes
configure:11952: checking whether gcc accepts -g
configure:12013: result: yes
configure:12030: checking for gcc option to accept ISO C89
configure:12106: result: none needed
configure:12131: checking whether gcc understands -c and -o together
configure:12168: result: yes
configure:12190: checking how to run the C preprocessor
configure:12260: result: gcc -E
configure:12280: gcc -E  conftest.c
configure:12280: $? = 0
configure:12294: gcc -E  conftest.c
conftest.c:23:28: fatal error: ac_nonexistent.h: No such file or directory
 #include <ac_nonexistent.h>
                            ^
compilation terminated.
configure:12294: $? = 1
configure: failed program was:
| /* confdefs.h */
| #define PACKAGE_NAME "leptonica"
| #define PACKAGE_TARNAME "leptonica"
| #define PACKAGE_VERSION "1.74.1"
| #define PACKAGE_STRING "leptonica 1.74.1"
| #define PACKAGE_BUGREPORT ""
| #define PACKAGE_URL ""
| #define STDC_HEADERS 1
| #define HAVE_SYS_TYPES_H 1
| #define HAVE_SYS_STAT_H 1
| #define HAVE_STDLIB_H 1
| #define HAVE_STRING_H 1
| #define HAVE_MEMORY_H 1
| #define HAVE_STRINGS_H 1
| #define HAVE_INTTYPES_H 1
| #define HAVE_STDINT_H 1
| #define HAVE_UNISTD_H 1
| #define HAVE_DLFCN_H 1
| #define LT_OBJDIR ".libs/"
| #define PACKAGE "leptonica"
| #define VERSION "1.74.1"
| /* end confdefs.h.  */
| #include <ac_nonexistent.h>
configure:12324: checking whether ln -s works
configure:12328: result: yes
configure:12335: checking whether make sets $(MAKE)
configure:12357: result: yes
configure:12514: checking for cos in -lm
configure:12539: gcc -o conftest -g -O2   conftest.c -lm   >&5
conftest.c:30:6: warning: conflicting types for built-in function 'cos' [enabled by default]
 char cos ();
      ^
configure:12539: $? = 0
configure:12548: result: yes
configure:12560: checking for deflate in -lz
configure:12585: gcc -o conftest -g -O2   conftest.c -lz   >&5
configure:12585: $? = 0
configure:12594: result: yes
configure:12612: checking for png_read_png in -lpng
configure:12638: gcc -o conftest -g -O2   conftest.c -lpng -lm -lz
    >&5
configure:12638: $? = 0
configure:12647: result: yes
configure:12664: checking for jpeg_read_scanlines in -ljpeg
configure:12689: gcc -o conftest -g -O2   conftest.c -ljpeg   >&5
configure:12689: $? = 0
configure:12698: result: yes
configure:12716: checking for DGifOpenFileHandle in -lgif
configure:12741: gcc -o conftest -g -O2   conftest.c -lgif   >&5
/usr/bin/ld: cannot find -lgif
collect2: error: ld returned 1 exit status
configure:12741: $? = 1
configure: failed program was:
| /* confdefs.h */
| #define PACKAGE_NAME "leptonica"
| #define PACKAGE_TARNAME "leptonica"
| #define PACKAGE_VERSION "1.74.1"
| #define PACKAGE_STRING "leptonica 1.74.1"
| #define PACKAGE_BUGREPORT ""
| #define PACKAGE_URL ""
| #define STDC_HEADERS 1
| #define HAVE_SYS_TYPES_H 1
| #define HAVE_SYS_STAT_H 1
| #define HAVE_STDLIB_H 1
| #define HAVE_STRING_H 1
| #define HAVE_MEMORY_H 1
| #define HAVE_STRINGS_H 1
| #define HAVE_INTTYPES_H 1
| #define HAVE_STDINT_H 1
| #define HAVE_UNISTD_H 1
| #define HAVE_DLFCN_H 1
| #define LT_OBJDIR ".libs/"
| #define PACKAGE "leptonica"
| #define VERSION "1.74.1"
| #define HAVE_LIBZ 1
| #define HAVE_LIBPNG 1
| #define HAVE_LIBJPEG 1
| /* end confdefs.h.  */
| 
| /* Override any GCC internal prototype to avoid an error.
|    Use char because int might match the return type of a GCC
|    builtin and then its argument prototype would still apply.  */
| #ifdef __cplusplus
| extern "C"
| #endif
| char DGifOpenFileHandle ();
| int
| main ()
| {
| return DGifOpenFileHandle ();
|   ;
|   return 0;
| }
configure:12750: result: no
configure:12777: checking for TIFFOpen in -ltiff
configure:12803: gcc -o conftest -g -O2   conftest.c -ltiff -lm -lz -ljpeg
    >&5
configure:12803: $? = 0
configure:12812: result: yes
configure:12829: checking for WebPGetInfo in -lwebp
configure:12855: gcc -o conftest -g -O2   conftest.c -lwebp -lm
    >&5
/usr/bin/ld: cannot find -lwebp
collect2: error: ld returned 1 exit status
configure:12855: $? = 1
configure: failed program was:
| /* confdefs.h */
| #define PACKAGE_NAME "leptonica"
| #define PACKAGE_TARNAME "leptonica"
| #define PACKAGE_VERSION "1.74.1"
| #define PACKAGE_STRING "leptonica 1.74.1"
| #define PACKAGE_BUGREPORT ""
| #define PACKAGE_URL ""
| #define STDC_HEADERS 1
| #define HAVE_SYS_TYPES_H 1
| #define HAVE_SYS_STAT_H 1
| #define HAVE_STDLIB_H 1
| #define HAVE_STRING_H 1
| #define HAVE_MEMORY_H 1
| #define HAVE_STRINGS_H 1
| #define HAVE_INTTYPES_H 1
| #define HAVE_STDINT_H 1
| #define HAVE_UNISTD_H 1
| #define HAVE_DLFCN_H 1
| #define LT_OBJDIR ".libs/"
| #define PACKAGE "leptonica"
| #define VERSION "1.74.1"
| #define HAVE_LIBZ 1
| #define HAVE_LIBPNG 1
| #define HAVE_LIBJPEG 1
| #define HAVE_LIBTIFF 1
| /* end confdefs.h.  */
| 
| /* Override any GCC internal prototype to avoid an error.
|    Use char because int might match the return type of a GCC
|    builtin and then its argument prototype would still apply.  */
| #ifdef __cplusplus
| extern "C"
| #endif
| char WebPGetInfo ();
| int
| main ()
| {
| return WebPGetInfo ();
|   ;
|   return 0;
| }
configure:12864: result: no
configure:12890: checking for opj_create_decompress in -lopenjp2
configure:12915: gcc -o conftest -g -O2   conftest.c -lopenjp2   >&5
/usr/bin/ld: cannot find -lopenjp2
collect2: error: ld returned 1 exit status
configure:12915: $? = 1
configure: failed program was:
| /* confdefs.h */
| #define PACKAGE_NAME "leptonica"
| #define PACKAGE_TARNAME "leptonica"
| #define PACKAGE_VERSION "1.74.1"
| #define PACKAGE_STRING "leptonica 1.74.1"
| #define PACKAGE_BUGREPORT ""
| #define PACKAGE_URL ""
| #define STDC_HEADERS 1
| #define HAVE_SYS_TYPES_H 1
| #define HAVE_SYS_STAT_H 1
| #define HAVE_STDLIB_H 1
| #define HAVE_STRING_H 1
| #define HAVE_MEMORY_H 1
| #define HAVE_STRINGS_H 1
| #define HAVE_INTTYPES_H 1
| #define HAVE_STDINT_H 1
| #define HAVE_UNISTD_H 1
| #define HAVE_DLFCN_H 1
| #define LT_OBJDIR ".libs/"
| #define PACKAGE "leptonica"
| #define VERSION "1.74.1"
| #define HAVE_LIBZ 1
| #define HAVE_LIBPNG 1
| #define HAVE_LIBJPEG 1
| #define HAVE_LIBTIFF 1
| /* end confdefs.h.  */
| 
| /* Override any GCC internal prototype to avoid an error.
|    Use char because int might match the return type of a GCC
|    builtin and then its argument prototype would still apply.  */
| #ifdef __cplusplus
| extern "C"
| #endif
| char opj_create_decompress ();
| int
| main ()
| {
| return opj_create_decompress ();
|   ;
|   return 0;
| }
configure:12924: result: no
configure:12988: checking whether make supports nested variables
configure:13005: result: yes
configure:13018: checking for size_t
configure:13018: gcc -c -g -O2  conftest.c >&5
configure:13018: $? = 0
configure:13018: gcc -c -g -O2  conftest.c >&5
conftest.c: In function 'main':
conftest.c:63:21: error: expected expression before ')' token
 if (sizeof ((size_t)))
                     ^
configure:13018: $? = 1
configure: failed program was:
| /* confdefs.h */
| #define PACKAGE_NAME "leptonica"
| #define PACKAGE_TARNAME "leptonica"
| #define PACKAGE_VERSION "1.74.1"
| #define PACKAGE_STRING "leptonica 1.74.1"
| #define PACKAGE_BUGREPORT ""
| #define PACKAGE_URL ""
| #define STDC_HEADERS 1
| #define HAVE_SYS_TYPES_H 1
| #define HAVE_SYS_STAT_H 1
| #define HAVE_STDLIB_H 1
| #define HAVE_STRING_H 1
| #define HAVE_MEMORY_H 1
| #define HAVE_STRINGS_H 1
| #define HAVE_INTTYPES_H 1
| #define HAVE_STDINT_H 1
| #define HAVE_UNISTD_H 1
| #define HAVE_DLFCN_H 1
| #define LT_OBJDIR ".libs/"
| #define PACKAGE "leptonica"
| #define VERSION "1.74.1"
| #define HAVE_LIBZ 1
| #define HAVE_LIBPNG 1
| #define HAVE_LIBJPEG 1
| #define HAVE_LIBTIFF 1
| /* end confdefs.h.  */
| #include <stdio.h>
| #ifdef HAVE_SYS_TYPES_H
| # include <sys/types.h>
| #endif
| #ifdef HAVE_SYS_STAT_H
| # include <sys/stat.h>
| #endif
| #ifdef STDC_HEADERS
| # include <stdlib.h>
| # include <stddef.h>
| #else
| # ifdef HAVE_STDLIB_H
| #  include <stdlib.h>
| # endif
| #endif
| #ifdef HAVE_STRING_H
| # if !defined STDC_HEADERS && defined HAVE_MEMORY_H
| #  include <memory.h>
| # endif
| # include <string.h>
| #endif
| #ifdef HAVE_STRINGS_H
| # include <strings.h>
| #endif
| #ifdef HAVE_INTTYPES_H
| # include <inttypes.h>
| #endif
| #ifdef HAVE_STDINT_H
| # include <stdint.h>
| #endif
| #ifdef HAVE_UNISTD_H
| # include <unistd.h>
| #endif
| int
| main ()
| {
| if (sizeof ((size_t)))
| 	    return 0;
|   ;
|   return 0;
| }
configure:13018: result: yes
configure:13029: checking whether byte ordering is bigendian
configure:13044: gcc -c -g -O2  conftest.c >&5
conftest.c:28:9: error: unknown type name 'not'
         not a universal capable compiler
         ^
conftest.c:28:15: error: expected '=', ',', ';', 'asm' or '__attribute__' before 'universal'
         not a universal capable compiler
               ^
conftest.c:28:15: error: unknown type name 'universal'
configure:13044: $? = 1
configure: failed program was:
| /* confdefs.h */
| #define PACKAGE_NAME "leptonica"
| #define PACKAGE_TARNAME "leptonica"
| #define PACKAGE_VERSION "1.74.1"
| #define PACKAGE_STRING "leptonica 1.74.1"
| #define PACKAGE_BUGREPORT ""
| #define PACKAGE_URL ""
| #define STDC_HEADERS 1
| #define HAVE_SYS_TYPES_H 1
| #define HAVE_SYS_STAT_H 1
| #define HAVE_STDLIB_H 1
| #define HAVE_STRING_H 1
| #define HAVE_MEMORY_H 1
| #define HAVE_STRINGS_H 1
| #define HAVE_INTTYPES_H 1
| #define HAVE_STDINT_H 1
| #define HAVE_UNISTD_H 1
| #define HAVE_DLFCN_H 1
| #define LT_OBJDIR ".libs/"
| #define PACKAGE "leptonica"
| #define VERSION "1.74.1"
| #define HAVE_LIBZ 1
| #define HAVE_LIBPNG 1
| #define HAVE_LIBJPEG 1
| #define HAVE_LIBTIFF 1
| /* end confdefs.h.  */
| #ifndef __APPLE_CC__
| 	       not a universal capable compiler
| 	     #endif
| 	     typedef int dummy;
| 
configure:13089: gcc -c -g -O2  conftest.c >&5
configure:13089: $? = 0
configure:13107: gcc -c -g -O2  conftest.c >&5
conftest.c: In function 'main':
conftest.c:34:4: error: unknown type name 'not'
    not big endian
    ^
conftest.c:34:12: error: expected '=', ',', ';', 'asm' or '__attribute__' before 'endian'
    not big endian
            ^
configure:13107: $? = 1
configure: failed program was:
| /* confdefs.h */
| #define PACKAGE_NAME "leptonica"
| #define PACKAGE_TARNAME "leptonica"
| #define PACKAGE_VERSION "1.74.1"
| #define PACKAGE_STRING "leptonica 1.74.1"
| #define PACKAGE_BUGREPORT ""
| #define PACKAGE_URL ""
| #define STDC_HEADERS 1
| #define HAVE_SYS_TYPES_H 1
| #define HAVE_SYS_STAT_H 1
| #define HAVE_STDLIB_H 1
| #define HAVE_STRING_H 1
| #define HAVE_MEMORY_H 1
| #define HAVE_STRINGS_H 1
| #define HAVE_INTTYPES_H 1
| #define HAVE_STDINT_H 1
| #define HAVE_UNISTD_H 1
| #define HAVE_DLFCN_H 1
| #define LT_OBJDIR ".libs/"
| #define PACKAGE "leptonica"
| #define VERSION "1.74.1"
| #define HAVE_LIBZ 1
| #define HAVE_LIBPNG 1
| #define HAVE_LIBJPEG 1
| #define HAVE_LIBTIFF 1
| /* end confdefs.h.  */
| #include <sys/types.h>
| 		#include <sys/param.h>
| 
| int
| main ()
| {
| #if BYTE_ORDER != BIG_ENDIAN
| 		 not big endian
| 		#endif
| 
|   ;
|   return 0;
| }
configure:13235: result: no
configure:13267: checking whether compiler supports -Wl,--as-needed
configure:13283: gcc -o conftest -g -O2  -Wl,--as-needed  conftest.c  >&5
configure:13283: $? = 0
configure:13284: result: yes
configure:13297: checking for fmemopen
configure:13297: gcc -o conftest -g -O2  -Wl,--as-needed  conftest.c  >&5
configure:13297: $? = 0
configure:13297: result: yes
configure:13418: checking that generated files are newer than configure
configure:13424: result: done
configure:13464: creating ./config.status

## ---------------------- ##
## Running config.status. ##
## ---------------------- ##

This file was extended by leptonica config.status 1.74.1, which was
generated by GNU Autoconf 2.69.  Invocation command line was

  CONFIG_FILES    = 
  CONFIG_HEADERS  = 
  CONFIG_LINKS    = 
  CONFIG_COMMANDS = 
  $ ./config.status 

on slash

config.status:1108: creating Makefile
config.status:1108: creating src/endianness.h
config.status:1108: creating src/Makefile
config.status:1108: creating prog/Makefile
config.status:1108: creating lept.pc
config.status:1108: creating config_auto.h
config.status:1337: executing libtool commands
config.status:1337: executing depfiles commands

## ---------------- ##
## Cache variables. ##
## ---------------- ##

ac_cv_build=x86_64-unknown-linux-gnu
ac_cv_c_bigendian=no
ac_cv_c_compiler_gnu=yes
ac_cv_env_CC_set=
ac_cv_env_CC_value=
ac_cv_env_CFLAGS_set=
ac_cv_env_CFLAGS_value=
ac_cv_env_CPPFLAGS_set=
ac_cv_env_CPPFLAGS_value=
ac_cv_env_CPP_set=
ac_cv_env_CPP_value=
ac_cv_env_LDFLAGS_set=
ac_cv_env_LDFLAGS_value=
ac_cv_env_LIBS_set=
ac_cv_env_LIBS_value=
ac_cv_env_build_alias_set=
ac_cv_env_build_alias_value=
ac_cv_env_host_alias_set=
ac_cv_env_host_alias_value=
ac_cv_env_target_alias_set=
ac_cv_env_target_alias_value=
ac_cv_func_fmemopen=yes
ac_cv_header_dlfcn_h=yes
ac_cv_header_inttypes_h=yes
ac_cv_header_memory_h=yes
ac_cv_header_stdc=yes
ac_cv_header_stdint_h=yes
ac_cv_header_stdlib_h=yes
ac_cv_header_string_h=yes
ac_cv_header_strings_h=yes
ac_cv_header_sys_stat_h=yes
ac_cv_header_sys_types_h=yes
ac_cv_header_unistd_h=yes
ac_cv_host=x86_64-unknown-linux-gnu
ac_cv_lib_gif_DGifOpenFileHandle=no
ac_cv_lib_jpeg_jpeg_read_scanlines=yes
ac_cv_lib_m_cos=yes
ac_cv_lib_openjp2_opj_create_decompress=no
ac_cv_lib_png_png_read_png=yes
ac_cv_lib_tiff_TIFFOpen=yes
ac_cv_lib_webp_WebPGetInfo=no
ac_cv_lib_z_deflate=yes
ac_cv_objext=o
ac_cv_path_EGREP='/bin/grep -E'
ac_cv_path_FGREP='/bin/grep -F'
ac_cv_path_GREP=/bin/grep
ac_cv_path_SED=/bin/sed
ac_cv_path_install='/usr/bin/install -c'
ac_cv_path_mkdir=/bin/mkdir
ac_cv_prog_AWK=mawk
ac_cv_prog_CPP='gcc -E'
ac_cv_prog_ac_ct_AR=ar
ac_cv_prog_ac_ct_CC=gcc
ac_cv_prog_ac_ct_MANIFEST_TOOL=mt
ac_cv_prog_ac_ct_OBJDUMP=objdump
ac_cv_prog_ac_ct_RANLIB=ranlib
ac_cv_prog_ac_ct_STRIP=strip
ac_cv_prog_cc_c89=
ac_cv_prog_cc_g=yes
ac_cv_prog_make_make_set=yes
ac_cv_type_size_t=yes
am_cv_CC_dependencies_compiler_type=gcc3
am_cv_make_support_nested_variables=yes
am_cv_prog_cc_c_o=yes
lt_cv_ar_at_file=@
lt_cv_archive_cmds_need_lc=no
lt_cv_deplibs_check_method=pass_all
lt_cv_file_magic_cmd='$MAGIC_CMD'
lt_cv_file_magic_test_file=
lt_cv_ld_reload_flag=-r
lt_cv_nm_interface='BSD nm'
lt_cv_objdir=.libs
lt_cv_path_LD=/usr/bin/ld
lt_cv_path_NM='/usr/bin/nm -B'
lt_cv_path_mainfest_tool=no
lt_cv_prog_compiler_c_o=yes
lt_cv_prog_compiler_pic='-fPIC -DPIC'
lt_cv_prog_compiler_pic_works=yes
lt_cv_prog_compiler_rtti_exceptions=no
lt_cv_prog_compiler_static_works=yes
lt_cv_prog_gnu_ld=yes
lt_cv_sharedlib_from_linklib_cmd='printf %s\n'
lt_cv_shlibpath_overrides_runpath=no
lt_cv_sys_global_symbol_pipe='sed -n -e '\''s/^.*[	 ]\([ABCDGIRSTW][ABCDGIRSTW]*\)[	 ][	 ]*\([_A-Za-z][_A-Za-z0-9]*\)$/\1 \2 \2/p'\'' | sed '\''/ __gnu_lto/d'\'''
lt_cv_sys_global_symbol_to_c_name_address='sed -n -e '\''s/^: \([^ ]*\)[ ]*$/  {\"\1\", (void *) 0},/p'\'' -e '\''s/^[ABCDGIRSTW]* \([^ ]*\) \([^ ]*\)$/  {"\2", (void *) \&\2},/p'\'''
lt_cv_sys_global_symbol_to_c_name_address_lib_prefix='sed -n -e '\''s/^: \([^ ]*\)[ ]*$/  {\"\1\", (void *) 0},/p'\'' -e '\''s/^[ABCDGIRSTW]* \([^ ]*\) \(lib[^ ]*\)$/  {"\2", (void *) \&\2},/p'\'' -e '\''s/^[ABCDGIRSTW]* \([^ ]*\) \([^ ]*\)$/  {"lib\2", (void *) \&\2},/p'\'''
lt_cv_sys_global_symbol_to_cdecl='sed -n -e '\''s/^T .* \(.*\)$/extern int \1();/p'\'' -e '\''s/^[ABCDGIRSTW]* .* \(.*\)$/extern char \1;/p'\'''
lt_cv_sys_max_cmd_len=1572864
lt_cv_to_host_file_cmd=func_convert_file_noop
lt_cv_to_tool_file_cmd=func_convert_file_noop

## ----------------- ##
## Output variables. ##
## ----------------- ##

ACLOCAL='${SHELL} /home/slash/Downloads/leptonica-1.74.1/config/missing aclocal-1.14'
AMDEPBACKSLASH='\'
AMDEP_FALSE='#'
AMDEP_TRUE=''
AMTAR='$${TAR-tar}'
AM_BACKSLASH='\'
AM_DEFAULT_V='$(AM_DEFAULT_VERBOSITY)'
AM_DEFAULT_VERBOSITY='0'
AM_V='$(V)'
APPLE_UNIVERSAL_BUILD='0'
AR='ar'
AUTOCONF='${SHELL} /home/slash/Downloads/leptonica-1.74.1/config/missing autoconf'
AUTOHEADER='${SHELL} /home/slash/Downloads/leptonica-1.74.1/config/missing autoheader'
AUTOMAKE='${SHELL} /home/slash/Downloads/leptonica-1.74.1/config/missing automake-1.14'
AWK='mawk'
CC='gcc'
CCDEPMODE='depmode=gcc3'
CFLAGS='-g -O2'
CPP='gcc -E'
CPPFLAGS=''
CYGPATH_W='echo'
DEFS='-DHAVE_CONFIG_H'
DEPDIR='.deps'
DLLTOOL='false'
DSYMUTIL=''
DUMPBIN=''
ECHO_C=''
ECHO_N='-n'
ECHO_T=''
EGREP='/bin/grep -E'
ENABLE_PROGRAMS_FALSE='#'
ENABLE_PROGRAMS_TRUE=''
ENDIANNESS='L_LITTLE_ENDIAN'
EXEEXT=''
FGREP='/bin/grep -F'
GDI_LIBS=''
GIFLIB_LIBS=''
GREP='/bin/grep'
HAVE_LIBGIF_FALSE=''
HAVE_LIBGIF_TRUE='#'
HAVE_LIBJP2K_FALSE=''
HAVE_LIBJP2K_TRUE='#'
HAVE_LIBWEBP_FALSE=''
HAVE_LIBWEBP_TRUE='#'
INSTALL_DATA='${INSTALL} -m 644'
INSTALL_PROGRAM='${INSTALL}'
INSTALL_SCRIPT='${INSTALL}'
INSTALL_STRIP_PROGRAM='$(install_sh) -c -s'
JPEG_LIBS='-ljpeg'
LD='/usr/bin/ld -m elf_x86_64'
LDFLAGS='-Wl,--as-needed '
LIBJP2K_LIBS=''
LIBM='-lm'
LIBOBJS=''
LIBPNG_LIBS='-lpng'
LIBS=''
LIBTIFF_LIBS='-ltiff'
LIBTOOL='$(SHELL) $(top_builddir)/libtool'
LIBWEBP_LIBS=''
LIPO=''
LN_S='ln -s'
LTLIBOBJS=''
MAKEINFO='${SHELL} /home/slash/Downloads/leptonica-1.74.1/config/missing makeinfo'
MANIFEST_TOOL=':'
MKDIR_P='/bin/mkdir -p'
NM='/usr/bin/nm -B'
NMEDIT=''
OBJDUMP='objdump'
OBJEXT='o'
OTOOL64=''
OTOOL=''
PACKAGE='leptonica'
PACKAGE_BUGREPORT=''
PACKAGE_NAME='leptonica'
PACKAGE_STRING='leptonica 1.74.1'
PACKAGE_TARNAME='leptonica'
PACKAGE_URL=''
PACKAGE_VERSION='1.74.1'
PATH_SEPARATOR=':'
RANLIB='ranlib'
SED='/bin/sed'
SET_MAKE=''
SHELL='/bin/bash'
STRIP='strip'
VERSION='1.74.1'
ZLIB_LIBS='-lz'
ac_ct_AR='ar'
ac_ct_CC='gcc'
ac_ct_DUMPBIN=''
am__EXEEXT_FALSE=''
am__EXEEXT_TRUE='#'
am__fastdepCC_FALSE='#'
am__fastdepCC_TRUE=''
am__include='include'
am__isrc=''
am__leading_dot='.'
am__nodep='_no'
am__quote=''
am__tar='$${TAR-tar} chof - "$$tardir"'
am__untar='$${TAR-tar} xf -'
bindir='${exec_prefix}/bin'
build='x86_64-unknown-linux-gnu'
build_alias=''
build_cpu='x86_64'
build_os='linux-gnu'
build_vendor='unknown'
datadir='${datarootdir}'
datarootdir='${prefix}/share'
docdir='${datarootdir}/doc/${PACKAGE_TARNAME}'
dvidir='${docdir}'
exec_prefix='${prefix}'
host='x86_64-unknown-linux-gnu'
host_alias=''
host_cpu='x86_64'
host_os='linux-gnu'
host_vendor='unknown'
htmldir='${docdir}'
includedir='${prefix}/include'
infodir='${datarootdir}/info'
install_sh='${SHELL} /home/slash/Downloads/leptonica-1.74.1/config/install-sh'
libdir='${exec_prefix}/lib'
libexecdir='${exec_prefix}/libexec'
localedir='${datarootdir}/locale'
localstatedir='${prefix}/var'
mandir='${datarootdir}/man'
mkdir_p='$(MKDIR_P)'
oldincludedir='/usr/include'
pdfdir='${docdir}'
prefix='/usr/local'
program_transform_name='s,x,x,'
psdir='${docdir}'
sbindir='${exec_prefix}/sbin'
sharedstatedir='${prefix}/com'
sysconfdir='${prefix}/etc'
target_alias=''

## ----------- ##
## confdefs.h. ##
## ----------- ##

/* confdefs.h */
#define PACKAGE_NAME "leptonica"
#define PACKAGE_TARNAME "leptonica"
#define PACKAGE_VERSION "1.74.1"
#define PACKAGE_STRING "leptonica 1.74.1"
#define PACKAGE_BUGREPORT ""
#define PACKAGE_URL ""
#define STDC_HEADERS 1
#define HAVE_SYS_TYPES_H 1
#define HAVE_SYS_STAT_H 1
#define HAVE_STDLIB_H 1
#define HAVE_STRING_H 1
#define HAVE_MEMORY_H 1
#define HAVE_STRINGS_H 1
#define HAVE_INTTYPES_H 1
#define HAVE_STDINT_H 1
#define HAVE_UNISTD_H 1
#define HAVE_DLFCN_H 1
#define LT_OBJDIR ".libs/"
#define PACKAGE "leptonica"
#define VERSION "1.74.1"
#define HAVE_LIBZ 1
#define HAVE_LIBPNG 1
#define HAVE_LIBJPEG 1
#define HAVE_LIBTIFF 1
#define HAVE_FMEMOPEN 1

configure: exit 0
